======================================
Git Sync Started at 27/12/2025 21:05:57,96
======================================
[INFO] Initializing 
[INFO] Current 
[INFO] Cloud 
[INFO] Fetching 
From https://github.com/TruongKhanh23/yen-vy-workspace
   b1c496f..35faf51  main       -> origin/main
 * [new branch]      backup/origin-main-20251227-210510 -> origin/backup/origin-main-20251227-210510
[INFO] Local 
[INFO] Strategy: 
[INFO] Creating 
branch 'backup/origin-main-20251227-210558' set up to track 'origin/main'.
remote: 
remote: Create a pull request for 'backup/origin-main-20251227-210558' on GitHub by visiting:        
remote:      https://github.com/TruongKhanh23/yen-vy-workspace/pull/new/backup/origin-main-20251227-210558        
remote: 
To https://github.com/TruongKhanh23/yen-vy-workspace.git
 * [new branch]      backup/origin-main-20251227-210558 -> backup/origin-main-20251227-210558
[INFO] Backup 
